<?xml version="1.0" encoding="UTF-8"?>
<!-- Generated by org.testng.reporters.JUnitReportReporter -->
<testsuite skipped="0" hostname="LAPTOP-SS83EF10" name="Academy.validateNavigationBar" tests="1" failures="0" timestamp="25 Jul 2019 21:52:58 GMT" time="0.114" errors="0">
  <testcase name="validateAppNavBar" time="0.114" classname="Academy.validateNavigationBar"/>
</testsuite> <!-- Academy.validateNavigationBar -->
